#! /nix/store/vh3lcg8gq2c3pxbqkqmrk3fmf3papk52-iverilog-12.0/bin/vvp
:ivl_version "12.0 (stable)";
:ivl_delay_selection "TYPICAL";
:vpi_time_precision - 12;
:vpi_module "/nix/store/vh3lcg8gq2c3pxbqkqmrk3fmf3papk52-iverilog-12.0/lib/ivl/system.vpi";
:vpi_module "/nix/store/vh3lcg8gq2c3pxbqkqmrk3fmf3papk52-iverilog-12.0/lib/ivl/vhdl_sys.vpi";
:vpi_module "/nix/store/vh3lcg8gq2c3pxbqkqmrk3fmf3papk52-iverilog-12.0/lib/ivl/vhdl_textio.vpi";
:vpi_module "/nix/store/vh3lcg8gq2c3pxbqkqmrk3fmf3papk52-iverilog-12.0/lib/ivl/v2005_math.vpi";
:vpi_module "/nix/store/vh3lcg8gq2c3pxbqkqmrk3fmf3papk52-iverilog-12.0/lib/ivl/va_math.vpi";
S_0x317be6c0 .scope module, "tb_mini_light_up_game" "tb_mini_light_up_game" 2 3;
 .timescale -9 -12;
v0x31808000_0 .var "btn", 0 0;
v0x318080c0_0 .var "clk", 0 0;
v0x31808160_0 .net "digit_sel", 3 0, L_0x31808d50;  1 drivers
v0x31808200_0 .var "reset", 0 0;
v0x318082a0_0 .net "segments", 6 0, L_0x317d6a80;  1 drivers
S_0x317a94d0 .scope module, "uut" "mini_light_up_game" 2 18, 3 1 0, S_0x317be6c0;
 .timescale 0 0;
    .port_info 0 /INPUT 1 "clk";
    .port_info 1 /INPUT 1 "reset";
    .port_info 2 /INPUT 1 "btn";
    .port_info 3 /OUTPUT 7 "segments";
    .port_info 4 /OUTPUT 4 "digit_sel";
L_0x317d6090 .functor AND 1, v0x31808000_0, L_0x31808340, C4<1>, C4<1>;
L_0x317d6a80 .functor BUFZ 7, L_0x31808f80, C4<0000000>, C4<0000000>, C4<0000000>;
v0x317d61b0_0 .net *"_ivl_1", 0 0, L_0x31808340;  1 drivers
L_0x7e1fe1f44060 .functor BUFT 1, C4<1110>, C4<0>, C4<0>, C4<0>;
v0x317d6be0_0 .net/2u *"_ivl_10", 3 0, L_0x7e1fe1f44060;  1 drivers
L_0x7e1fe1f440a8 .functor BUFT 1, C4<01>, C4<0>, C4<0>, C4<0>;
v0x317d8150_0 .net/2u *"_ivl_12", 1 0, L_0x7e1fe1f440a8;  1 drivers
v0x31806a50_0 .net *"_ivl_14", 0 0, L_0x31808750;  1 drivers
L_0x7e1fe1f440f0 .functor BUFT 1, C4<1101>, C4<0>, C4<0>, C4<0>;
v0x31806b10_0 .net/2u *"_ivl_16", 3 0, L_0x7e1fe1f440f0;  1 drivers
L_0x7e1fe1f44138 .functor BUFT 1, C4<10>, C4<0>, C4<0>, C4<0>;
v0x31806c40_0 .net/2u *"_ivl_18", 1 0, L_0x7e1fe1f44138;  1 drivers
v0x31806d20_0 .net *"_ivl_20", 0 0, L_0x31808920;  1 drivers
L_0x7e1fe1f44180 .functor BUFT 1, C4<1011>, C4<0>, C4<0>, C4<0>;
v0x31806de0_0 .net/2u *"_ivl_22", 3 0, L_0x7e1fe1f44180;  1 drivers
L_0x7e1fe1f441c8 .functor BUFT 1, C4<0111>, C4<0>, C4<0>, C4<0>;
v0x31806ec0_0 .net/2u *"_ivl_24", 3 0, L_0x7e1fe1f441c8;  1 drivers
v0x31806fa0_0 .net *"_ivl_26", 3 0, L_0x318089f0;  1 drivers
v0x31807080_0 .net *"_ivl_28", 3 0, L_0x31808bc0;  1 drivers
v0x31807160_0 .net *"_ivl_32", 6 0, L_0x31808f80;  1 drivers
v0x31807240_0 .net *"_ivl_34", 3 0, L_0x31809020;  1 drivers
L_0x7e1fe1f44210 .functor BUFT 1, C4<00>, C4<0>, C4<0>, C4<0>;
v0x31807320_0 .net *"_ivl_37", 1 0, L_0x7e1fe1f44210;  1 drivers
L_0x7e1fe1f44018 .functor BUFT 1, C4<00>, C4<0>, C4<0>, C4<0>;
v0x31807400_0 .net/2u *"_ivl_6", 1 0, L_0x7e1fe1f44018;  1 drivers
v0x318074e0_0 .net *"_ivl_8", 0 0, L_0x318085b0;  1 drivers
v0x318075a0_0 .var "active_digit", 1 0;
v0x31807680_0 .net "btn", 0 0, v0x31808000_0;  1 drivers
v0x31807740_0 .var "btn_prev", 0 0;
v0x31807800_0 .net "btn_pulse", 0 0, L_0x317d6090;  1 drivers
v0x318078c0_0 .net "clk", 0 0, v0x318080c0_0;  1 drivers
v0x31807980_0 .var "cursor", 5 0;
v0x31807a60_0 .net "digit_sel", 3 0, L_0x31808d50;  alias, 1 drivers
v0x31807b40 .array "mem", 0 3, 6 0;
v0x31807c00_0 .var "refresh_counter", 15 0;
v0x31807ce0_0 .net "reset", 0 0, v0x31808200_0;  1 drivers
v0x31807da0_0 .net "scan_idx", 1 0, L_0x318084e0;  1 drivers
v0x31807e80_0 .net "segments", 6 0, L_0x317d6a80;  alias, 1 drivers
E_0x317aa530 .event posedge, v0x318078c0_0;
L_0x31808340 .reduce/nor v0x31807740_0;
L_0x318084e0 .part v0x31807c00_0, 14, 2;
L_0x318085b0 .cmp/eq 2, L_0x318084e0, L_0x7e1fe1f44018;
L_0x31808750 .cmp/eq 2, L_0x318084e0, L_0x7e1fe1f440a8;
L_0x31808920 .cmp/eq 2, L_0x318084e0, L_0x7e1fe1f44138;
L_0x318089f0 .functor MUXZ 4, L_0x7e1fe1f441c8, L_0x7e1fe1f44180, L_0x31808920, C4<>;
L_0x31808bc0 .functor MUXZ 4, L_0x318089f0, L_0x7e1fe1f440f0, L_0x31808750, C4<>;
L_0x31808d50 .functor MUXZ 4, L_0x31808bc0, L_0x7e1fe1f44060, L_0x318085b0, C4<>;
L_0x31808f80 .array/port v0x31807b40, L_0x31809020;
L_0x31809020 .concat [ 2 2 0 0], L_0x318084e0, L_0x7e1fe1f44210;
    .scope S_0x317a94d0;
T_0 ;
    %wait E_0x317aa530;
    %load/vec4 v0x31807680_0;
    %assign/vec4 v0x31807740_0, 0;
    %jmp T_0;
    .thread T_0;
    .scope S_0x317a94d0;
T_1 ;
    %wait E_0x317aa530;
    %load/vec4 v0x31807ce0_0;
    %flag_set/vec4 8;
    %jmp/0xz  T_1.0, 8;
    %pushi/vec4 1, 0, 6;
    %assign/vec4 v0x31807980_0, 0;
    %jmp T_1.1;
T_1.0 ;
    %load/vec4 v0x31807980_0;
    %parti/s 5, 0, 2;
    %load/vec4 v0x31807980_0;
    %parti/s 1, 5, 4;
    %concat/vec4; draw_concat_vec4
    %assign/vec4 v0x31807980_0, 0;
T_1.1 ;
    %jmp T_1;
    .thread T_1;
    .scope S_0x317a94d0;
T_2 ;
    %wait E_0x317aa530;
    %load/vec4 v0x31807ce0_0;
    %flag_set/vec4 8;
    %jmp/0xz  T_2.0, 8;
    %pushi/vec4 0, 0, 2;
    %assign/vec4 v0x318075a0_0, 0;
    %pushi/vec4 0, 0, 7;
    %ix/load 3, 0, 0;
    %flag_set/imm 4, 0;
    %ix/load 4, 0, 0; Constant delay
    %assign/vec4/a/d v0x31807b40, 0, 4;
    %pushi/vec4 0, 0, 7;
    %ix/load 3, 1, 0;
    %flag_set/imm 4, 0;
    %ix/load 4, 0, 0; Constant delay
    %assign/vec4/a/d v0x31807b40, 0, 4;
    %pushi/vec4 0, 0, 7;
    %ix/load 3, 2, 0;
    %flag_set/imm 4, 0;
    %ix/load 4, 0, 0; Constant delay
    %assign/vec4/a/d v0x31807b40, 0, 4;
    %pushi/vec4 0, 0, 7;
    %ix/load 3, 3, 0;
    %flag_set/imm 4, 0;
    %ix/load 4, 0, 0; Constant delay
    %assign/vec4/a/d v0x31807b40, 0, 4;
    %jmp T_2.1;
T_2.0 ;
    %load/vec4 v0x31807800_0;
    %flag_set/vec4 8;
    %jmp/0xz  T_2.2, 8;
    %load/vec4 v0x318075a0_0;
    %pad/u 4;
    %ix/vec4 4;
    %load/vec4a v0x31807b40, 4;
    %pushi/vec4 0, 0, 1;
    %load/vec4 v0x31807980_0;
    %concat/vec4; draw_concat_vec4
    %or;
    %load/vec4 v0x318075a0_0;
    %pad/u 4;
    %ix/vec4 3;
    %ix/load 4, 0, 0; Constant delay
    %assign/vec4/a/d v0x31807b40, 0, 4;
    %load/vec4 v0x318075a0_0;
    %pad/u 32;
    %cmpi/u 3, 0, 32;
    %jmp/0xz  T_2.4, 5;
    %load/vec4 v0x318075a0_0;
    %addi 1, 0, 2;
    %assign/vec4 v0x318075a0_0, 0;
T_2.4 ;
T_2.2 ;
T_2.1 ;
    %jmp T_2;
    .thread T_2;
    .scope S_0x317a94d0;
T_3 ;
    %wait E_0x317aa530;
    %load/vec4 v0x31807c00_0;
    %addi 1, 0, 16;
    %assign/vec4 v0x31807c00_0, 0;
    %jmp T_3;
    .thread T_3;
    .scope S_0x317be6c0;
T_4 ;
    %delay 5000, 0;
    %load/vec4 v0x318080c0_0;
    %inv;
    %store/vec4 v0x318080c0_0, 0, 1;
    %jmp T_4;
    .thread T_4;
    .scope S_0x317be6c0;
T_5 ;
    %vpi_call 2 35 "$dumpfile", "wave.vcd" {0 0 0};
    %vpi_call 2 36 "$dumpvars", 32'sb00000000000000000000000000000000, S_0x317be6c0 {0 0 0};
    %vpi_call 2 37 "$dumpvars", 32'sb00000000000000000000000000000001, S_0x317a94d0 {0 0 0};
    %end;
    .thread T_5;
    .scope S_0x317be6c0;
T_6 ;
    %pushi/vec4 0, 0, 1;
    %store/vec4 v0x318080c0_0, 0, 1;
    %pushi/vec4 1, 0, 1;
    %store/vec4 v0x31808200_0, 0, 1;
    %pushi/vec4 0, 0, 1;
    %store/vec4 v0x31808000_0, 0, 1;
    %delay 20000, 0;
    %pushi/vec4 0, 0, 1;
    %store/vec4 v0x31808200_0, 0, 1;
    %vpi_call 2 52 "$display", "Sortie du reset..." {0 0 0};
    %delay 100000, 0;
    %vpi_call 2 58 "$display", "Appui bouton - Test 1" {0 0 0};
    %pushi/vec4 1, 0, 1;
    %store/vec4 v0x31808000_0, 0, 1;
    %delay 20000, 0;
    %pushi/vec4 0, 0, 1;
    %store/vec4 v0x31808000_0, 0, 1;
    %delay 200000, 0;
    %vpi_call 2 66 "$display", "Appui bouton - Test 2" {0 0 0};
    %pushi/vec4 1, 0, 1;
    %store/vec4 v0x31808000_0, 0, 1;
    %delay 20000, 0;
    %pushi/vec4 0, 0, 1;
    %store/vec4 v0x31808000_0, 0, 1;
    %vpi_call 2 72 "$display", "Observation affichage..." {0 0 0};
    %delay 1000000, 0;
    %vpi_call 2 75 "$display", "Fin simulation" {0 0 0};
    %vpi_call 2 76 "$finish" {0 0 0};
    %end;
    .thread T_6;
    .scope S_0x317be6c0;
T_7 ;
    %vpi_call 2 83 "$monitor", "t=%0t | digit_sel=%b | segments=%b | clk=%b", $time, v0x31808160_0, v0x318082a0_0, v0x318080c0_0 {0 0 0};
    %end;
    .thread T_7;
# The file index is used to find the file name in the following table.
:file_names 4;
    "N/A";
    "<interactive>";
    "testbench.v";
    "chip.v";
